{"level":"info","message":"[EventBus] Registered handler for events:order:created","timestamp":"2026-05-17 16:45:47"}
{"level":"info","message":"[EventBus] Registered handler for events:order:paid","timestamp":"2026-05-17 16:45:47"}
{"level":"info","message":"[EventBus] Registered handler for events:order:cancelled","timestamp":"2026-05-17 16:45:47"}
{"level":"info","message":"[EventBus] Registered handler for events:product:created","timestamp":"2026-05-17 16:45:47"}
{"level":"info","message":"[EventBus] Registered handler for events:product:updated","timestamp":"2026-05-17 16:45:47"}
{"level":"info","message":"[EventBus] Registered handler for events:product:deleted","timestamp":"2026-05-17 16:45:47"}
{"level":"info","message":"[EventBus] Registered handler for events:subscription:changed","timestamp":"2026-05-17 16:45:47"}
{"level":"info","message":"[Agent] Supervisor Agent (supervisor-agent) initialized v2.0.0","timestamp":"2026-05-17 16:45:47"}
{"level":"info","message":"[Agent] Memory Agent (memory-agent) initialized v1.0.0","timestamp":"2026-05-17 16:45:47"}
{"level":"info","message":"[Agent] Analytics Agent (analytics-agent) initialized v1.0.0","timestamp":"2026-05-17 16:45:47"}
{"level":"info","message":"[Agent] SEO Agent (seo-agent) initialized v1.0.0","timestamp":"2026-05-17 16:45:47"}
{"level":"info","message":"[Agent] Content Agent (content-agent) initialized v1.0.0","timestamp":"2026-05-17 16:45:47"}
{"level":"info","message":"[Agent] Vietnam Geo Agent (vietnam-geo-agent) initialized v1.0.0","timestamp":"2026-05-17 16:45:47"}
{"level":"info","message":"[Agent] Recommendation Agent (recommendation-agent) initialized v1.0.0","timestamp":"2026-05-17 16:45:47"}
{"level":"info","message":"[Agent] Marketing Agent (marketing-agent) initialized v1.0.0","timestamp":"2026-05-17 16:45:47"}
{"level":"info","message":"[Agent] Data Pipeline Agent (data-pipeline-agent) initialized v1.0.0","timestamp":"2026-05-17 16:45:47"}
{"level":"info","message":"[Agent] Monitoring Agent (monitoring-agent) initialized v2.0.0","timestamp":"2026-05-17 16:45:47"}
{"level":"info","message":"[AgentInit] Initializing agent system...","timestamp":"2026-05-17 16:45:47"}
{"level":"info","message":"╔══════════════════════════════════════════════════╗","timestamp":"2026-05-17 16:45:47"}
{"level":"info","message":"║   🧠 TRỌNG ĐỊNH STORE — AI AGENT SYSTEM         ║","timestamp":"2026-05-17 16:45:47"}
{"level":"info","message":"╚══════════════════════════════════════════════════╝","timestamp":"2026-05-17 16:45:47"}
{"level":"info","message":"[Orchestrator] Registering agents...","timestamp":"2026-05-17 16:45:47"}
{"level":"info","message":"[Supervisor] Agent registered: Memory Agent (memory-agent)","timestamp":"2026-05-17 16:45:47"}
{"eventId":"supervisor:agent-registered-1779011147895-l993npwe5","level":"info","message":"[EventBus] Emitted event: supervisor:agent-registered","timestamp":"2026-05-17 16:45:47"}
{"level":"info","message":"[Supervisor] Agent registered: Analytics Agent (analytics-agent)","timestamp":"2026-05-17 16:45:47"}
{"eventId":"supervisor:agent-registered-1779011147896-778lzwvxj","level":"info","message":"[EventBus] Emitted event: supervisor:agent-registered","timestamp":"2026-05-17 16:45:47"}
{"level":"info","message":"[Supervisor] Agent registered: SEO Agent (seo-agent)","timestamp":"2026-05-17 16:45:47"}
{"eventId":"supervisor:agent-registered-1779011147896-aie9ar4f7","level":"info","message":"[EventBus] Emitted event: supervisor:agent-registered","timestamp":"2026-05-17 16:45:47"}
{"level":"info","message":"[Supervisor] Agent registered: Content Agent (content-agent)","timestamp":"2026-05-17 16:45:47"}
{"eventId":"supervisor:agent-registered-1779011147897-rq9f4uq13","level":"info","message":"[EventBus] Emitted event: supervisor:agent-registered","timestamp":"2026-05-17 16:45:47"}
{"level":"info","message":"[Supervisor] Agent registered: Vietnam Geo Agent (vietnam-geo-agent)","timestamp":"2026-05-17 16:45:47"}
{"eventId":"supervisor:agent-registered-1779011147897-xcmagfbzc","level":"info","message":"[EventBus] Emitted event: supervisor:agent-registered","timestamp":"2026-05-17 16:45:47"}
{"level":"info","message":"[Supervisor] Agent registered: Recommendation Agent (recommendation-agent)","timestamp":"2026-05-17 16:45:47"}
{"eventId":"supervisor:agent-registered-1779011147898-dw3fnu3vl","level":"info","message":"[EventBus] Emitted event: supervisor:agent-registered","timestamp":"2026-05-17 16:45:47"}
{"level":"info","message":"[Supervisor] Agent registered: Marketing Agent (marketing-agent)","timestamp":"2026-05-17 16:45:47"}
{"eventId":"supervisor:agent-registered-1779011147899-fwip2esld","level":"info","message":"[EventBus] Emitted event: supervisor:agent-registered","timestamp":"2026-05-17 16:45:47"}
{"level":"info","message":"[Supervisor] Agent registered: Data Pipeline Agent (data-pipeline-agent)","timestamp":"2026-05-17 16:45:47"}
{"eventId":"supervisor:agent-registered-1779011147899-2b1lzpc3o","level":"info","message":"[EventBus] Emitted event: supervisor:agent-registered","timestamp":"2026-05-17 16:45:47"}
{"level":"info","message":"[Supervisor] Agent registered: Monitoring Agent (monitoring-agent)","timestamp":"2026-05-17 16:45:47"}
{"eventId":"supervisor:agent-registered-1779011147900-3sn0mjiwf","level":"info","message":"[EventBus] Emitted event: supervisor:agent-registered","timestamp":"2026-05-17 16:45:47"}
{"level":"info","message":"[Orchestrator] Initializing Workflow Engine...","timestamp":"2026-05-17 16:45:47"}
{"level":"info","message":"[WorkflowEngine] Template 'product-import' registered (4 steps)","timestamp":"2026-05-17 16:45:47"}
{"level":"info","message":"[WorkflowEngine] Template 'daily-report' registered (3 steps)","timestamp":"2026-05-17 16:45:47"}
{"level":"info","message":"[WorkflowEngine] Template 'marketing-campaign' registered (5 steps)","timestamp":"2026-05-17 16:45:47"}
{"level":"info","message":"[WorkflowEngine] Template 'system-health' registered (2 steps)","timestamp":"2026-05-17 16:45:47"}
{"level":"info","message":"[WorkflowEngine] Initialized","timestamp":"2026-05-17 16:45:47"}
{"level":"info","message":"[Orchestrator] ✅ System initialized in 9ms","timestamp":"2026-05-17 16:45:47"}
{"level":"info","message":"[Orchestrator] Agents: 9 registered","timestamp":"2026-05-17 16:45:47"}
{"level":"info","message":"[Orchestrator] Workflows: 4 templates","timestamp":"2026-05-17 16:45:47"}
{"level":"info","message":"[AgentInit] ✅ 9 agents registered","timestamp":"2026-05-17 16:45:47"}
{"level":"info","message":"[AgentInit] ✅ 4 workflow templates available","timestamp":"2026-05-17 16:45:47"}
{"level":"info","message":"[AgentSystem] All agents initialized successfully","timestamp":"2026-05-17 16:45:47"}
{"level":"info","message":"[EventBus] Event subscription started","timestamp":"2026-05-17 16:45:47"}
{"level":"info","message":"[Jobs] Abandoned cart job started","timestamp":"2026-05-17 16:45:47"}
{"level":"info","message":"[EventBus] Subscribed to all event channels","timestamp":"2026-05-17 16:45:47"}
{"level":"info","message":"TRỌNG ĐỊNH STORE API server running on http://localhost:3001","timestamp":"2026-05-17 16:45:47"}
{"error":0,"healthy":4,"level":"warn","message":"[Monitoring] Alert triggered: system_degraded","timestamp":"2026-05-17 16:50:48","total":5,"warning":1}
{"eventId":"monitoring:alert-1779011448063-ogggau4l8","level":"info","message":"[EventBus] Emitted event: monitoring:alert","timestamp":"2026-05-17 16:50:48"}
{"error":0,"healthy":4,"level":"warn","message":"[Monitoring] Alert triggered: system_degraded","timestamp":"2026-05-17 16:55:48","total":5,"warning":1}
{"eventId":"monitoring:alert-1779011748055-dzo9ufwcq","level":"info","message":"[EventBus] Emitted event: monitoring:alert","timestamp":"2026-05-17 16:55:48"}
{"error":0,"healthy":4,"level":"warn","message":"[Monitoring] Alert triggered: system_degraded","timestamp":"2026-05-17 17:00:48","total":5,"warning":1}
{"eventId":"monitoring:alert-1779012048057-uge5ucjpm","level":"info","message":"[EventBus] Emitted event: monitoring:alert","timestamp":"2026-05-17 17:00:48"}
{"error":0,"healthy":4,"level":"warn","message":"[Monitoring] Alert triggered: system_degraded","timestamp":"2026-05-17 17:05:48","total":5,"warning":1}
{"eventId":"monitoring:alert-1779012348058-d063qeb84","level":"info","message":"[EventBus] Emitted event: monitoring:alert","timestamp":"2026-05-17 17:05:48"}
{"error":0,"healthy":4,"level":"warn","message":"[Monitoring] Alert triggered: system_degraded","timestamp":"2026-05-17 17:10:48","total":5,"warning":1}
{"eventId":"monitoring:alert-1779012648031-m98gwsxbd","level":"info","message":"[EventBus] Emitted event: monitoring:alert","timestamp":"2026-05-17 17:10:48"}
{"error":0,"healthy":4,"level":"warn","message":"[Monitoring] Alert triggered: system_degraded","timestamp":"2026-05-17 17:15:48","total":5,"warning":1}
{"eventId":"monitoring:alert-1779012948046-xttkqf22u","level":"info","message":"[EventBus] Emitted event: monitoring:alert","timestamp":"2026-05-17 17:15:48"}
{"error":0,"healthy":4,"level":"warn","message":"[Monitoring] Alert triggered: system_degraded","timestamp":"2026-05-17 17:20:48","total":5,"warning":1}
{"eventId":"monitoring:alert-1779013248097-ytyjajxqy","level":"info","message":"[EventBus] Emitted event: monitoring:alert","timestamp":"2026-05-17 17:20:48"}
{"error":0,"healthy":4,"level":"warn","message":"[Monitoring] Alert triggered: system_degraded","timestamp":"2026-05-17 17:25:48","total":5,"warning":1}
{"eventId":"monitoring:alert-1779013548128-8hoio72x4","level":"info","message":"[EventBus] Emitted event: monitoring:alert","timestamp":"2026-05-17 17:25:48"}
{"error":0,"healthy":4,"level":"warn","message":"[Monitoring] Alert triggered: system_degraded","timestamp":"2026-05-17 17:30:48","total":5,"warning":1}
{"eventId":"monitoring:alert-1779013848067-93dk1e368","level":"info","message":"[EventBus] Emitted event: monitoring:alert","timestamp":"2026-05-17 17:30:48"}
{"error":0,"healthy":4,"level":"warn","message":"[Monitoring] Alert triggered: system_degraded","timestamp":"2026-05-17 17:35:48","total":5,"warning":1}
{"eventId":"monitoring:alert-1779014148092-n0ssxsn0o","level":"info","message":"[EventBus] Emitted event: monitoring:alert","timestamp":"2026-05-17 17:35:48"}
{"error":0,"healthy":4,"level":"warn","message":"[Monitoring] Alert triggered: system_degraded","timestamp":"2026-05-17 17:40:48","total":5,"warning":1}
{"eventId":"monitoring:alert-1779014448115-n1kx62tbn","level":"info","message":"[EventBus] Emitted event: monitoring:alert","timestamp":"2026-05-17 17:40:48"}
{"error":0,"healthy":4,"level":"warn","message":"[Monitoring] Alert triggered: system_degraded","timestamp":"2026-05-17 17:45:48","total":5,"warning":1}
{"eventId":"monitoring:alert-1779014748135-yn9jgqu6n","level":"info","message":"[EventBus] Emitted event: monitoring:alert","timestamp":"2026-05-17 17:45:48"}
{"error":0,"healthy":4,"level":"warn","message":"[Monitoring] Alert triggered: system_degraded","timestamp":"2026-05-17 17:50:48","total":5,"warning":1}
{"eventId":"monitoring:alert-1779015048196-usajxylpo","level":"info","message":"[EventBus] Emitted event: monitoring:alert","timestamp":"2026-05-17 17:50:48"}
{"error":0,"healthy":4,"level":"warn","message":"[Monitoring] Alert triggered: system_degraded","timestamp":"2026-05-17 17:55:48","total":5,"warning":1}
{"eventId":"monitoring:alert-1779015348183-x1hcq7rq0","level":"info","message":"[EventBus] Emitted event: monitoring:alert","timestamp":"2026-05-17 17:55:48"}
{"error":0,"healthy":4,"level":"warn","message":"[Monitoring] Alert triggered: system_degraded","timestamp":"2026-05-17 18:00:48","total":5,"warning":1}
{"eventId":"monitoring:alert-1779015648210-uwrplxbf1","level":"info","message":"[EventBus] Emitted event: monitoring:alert","timestamp":"2026-05-17 18:00:48"}
{"error":0,"healthy":4,"level":"warn","message":"[Monitoring] Alert triggered: system_degraded","timestamp":"2026-05-17 18:05:48","total":5,"warning":1}
{"eventId":"monitoring:alert-1779015948203-3pxbacy2s","level":"info","message":"[EventBus] Emitted event: monitoring:alert","timestamp":"2026-05-17 18:05:48"}
{"error":0,"healthy":4,"level":"warn","message":"[Monitoring] Alert triggered: system_degraded","timestamp":"2026-05-17 18:10:48","total":5,"warning":1}
{"eventId":"monitoring:alert-1779016248239-sij2r4x7h","level":"info","message":"[EventBus] Emitted event: monitoring:alert","timestamp":"2026-05-17 18:10:48"}
{"error":0,"healthy":4,"level":"warn","message":"[Monitoring] Alert triggered: system_degraded","timestamp":"2026-05-17 18:15:48","total":5,"warning":1}
{"eventId":"monitoring:alert-1779016548283-pkfu8e8yc","level":"info","message":"[EventBus] Emitted event: monitoring:alert","timestamp":"2026-05-17 18:15:48"}
{"level":"info","message":"[EventBus] Registered handler for events:order:created","timestamp":"2026-05-17 18:20:35"}
{"level":"info","message":"[EventBus] Registered handler for events:order:paid","timestamp":"2026-05-17 18:20:35"}
{"level":"info","message":"[EventBus] Registered handler for events:order:cancelled","timestamp":"2026-05-17 18:20:35"}
{"level":"info","message":"[EventBus] Registered handler for events:product:created","timestamp":"2026-05-17 18:20:35"}
{"level":"info","message":"[EventBus] Registered handler for events:product:updated","timestamp":"2026-05-17 18:20:35"}
{"level":"info","message":"[EventBus] Registered handler for events:product:deleted","timestamp":"2026-05-17 18:20:35"}
{"level":"info","message":"[EventBus] Registered handler for events:subscription:changed","timestamp":"2026-05-17 18:20:35"}
{"level":"info","message":"[Agent] Supervisor Agent (supervisor-agent) initialized v2.0.0","timestamp":"2026-05-17 18:20:36"}
{"level":"info","message":"[Agent] Memory Agent (memory-agent) initialized v1.0.0","timestamp":"2026-05-17 18:20:36"}
{"level":"info","message":"[Agent] Analytics Agent (analytics-agent) initialized v1.0.0","timestamp":"2026-05-17 18:20:36"}
{"level":"info","message":"[Agent] SEO Agent (seo-agent) initialized v1.0.0","timestamp":"2026-05-17 18:20:36"}
{"level":"info","message":"[Agent] Content Agent (content-agent) initialized v1.0.0","timestamp":"2026-05-17 18:20:36"}
{"level":"info","message":"[Agent] Vietnam Geo Agent (vietnam-geo-agent) initialized v1.0.0","timestamp":"2026-05-17 18:20:36"}
{"level":"info","message":"[Agent] Recommendation Agent (recommendation-agent) initialized v1.0.0","timestamp":"2026-05-17 18:20:36"}
{"level":"info","message":"[Agent] Marketing Agent (marketing-agent) initialized v1.0.0","timestamp":"2026-05-17 18:20:36"}
{"level":"info","message":"[Agent] Data Pipeline Agent (data-pipeline-agent) initialized v1.0.0","timestamp":"2026-05-17 18:20:36"}
{"level":"info","message":"[Agent] Monitoring Agent (monitoring-agent) initialized v2.0.0","timestamp":"2026-05-17 18:20:36"}
{"level":"info","message":"[AgentInit] Initializing agent system...","timestamp":"2026-05-17 18:20:36"}
{"level":"info","message":"╔══════════════════════════════════════════════════╗","timestamp":"2026-05-17 18:20:36"}
{"level":"info","message":"║   🧠 TRỌNG ĐỊNH STORE — AI AGENT SYSTEM         ║","timestamp":"2026-05-17 18:20:36"}
{"level":"info","message":"╚══════════════════════════════════════════════════╝","timestamp":"2026-05-17 18:20:36"}
{"level":"info","message":"[Orchestrator] Registering agents...","timestamp":"2026-05-17 18:20:36"}
{"level":"info","message":"[Supervisor] Agent registered: Memory Agent (memory-agent)","timestamp":"2026-05-17 18:20:36"}
{"eventId":"supervisor:agent-registered-1779016836748-dggc0hyyc","level":"info","message":"[EventBus] Emitted event: supervisor:agent-registered","timestamp":"2026-05-17 18:20:36"}
{"level":"info","message":"[Supervisor] Agent registered: Analytics Agent (analytics-agent)","timestamp":"2026-05-17 18:20:36"}
{"eventId":"supervisor:agent-registered-1779016836748-tjpou904q","level":"info","message":"[EventBus] Emitted event: supervisor:agent-registered","timestamp":"2026-05-17 18:20:36"}
{"level":"info","message":"[Supervisor] Agent registered: SEO Agent (seo-agent)","timestamp":"2026-05-17 18:20:36"}
{"eventId":"supervisor:agent-registered-1779016836748-67tuwjn51","level":"info","message":"[EventBus] Emitted event: supervisor:agent-registered","timestamp":"2026-05-17 18:20:36"}
{"level":"info","message":"[Supervisor] Agent registered: Content Agent (content-agent)","timestamp":"2026-05-17 18:20:36"}
{"eventId":"supervisor:agent-registered-1779016836748-yqdhpqxrn","level":"info","message":"[EventBus] Emitted event: supervisor:agent-registered","timestamp":"2026-05-17 18:20:36"}
{"level":"info","message":"[Supervisor] Agent registered: Vietnam Geo Agent (vietnam-geo-agent)","timestamp":"2026-05-17 18:20:36"}
{"eventId":"supervisor:agent-registered-1779016836748-fuk14qpf6","level":"info","message":"[EventBus] Emitted event: supervisor:agent-registered","timestamp":"2026-05-17 18:20:36"}
{"level":"info","message":"[Supervisor] Agent registered: Recommendation Agent (recommendation-agent)","timestamp":"2026-05-17 18:20:36"}
{"eventId":"supervisor:agent-registered-1779016836749-h27sm7or7","level":"info","message":"[EventBus] Emitted event: supervisor:agent-registered","timestamp":"2026-05-17 18:20:36"}
{"level":"info","message":"[Supervisor] Agent registered: Marketing Agent (marketing-agent)","timestamp":"2026-05-17 18:20:36"}
{"eventId":"supervisor:agent-registered-1779016836749-xp04v19qj","level":"info","message":"[EventBus] Emitted event: supervisor:agent-registered","timestamp":"2026-05-17 18:20:36"}
{"level":"info","message":"[Supervisor] Agent registered: Data Pipeline Agent (data-pipeline-agent)","timestamp":"2026-05-17 18:20:36"}
{"eventId":"supervisor:agent-registered-1779016836749-brcayqi39","level":"info","message":"[EventBus] Emitted event: supervisor:agent-registered","timestamp":"2026-05-17 18:20:36"}
{"level":"info","message":"[Supervisor] Agent registered: Monitoring Agent (monitoring-agent)","timestamp":"2026-05-17 18:20:36"}
{"eventId":"supervisor:agent-registered-1779016836749-4r1aqc2ui","level":"info","message":"[EventBus] Emitted event: supervisor:agent-registered","timestamp":"2026-05-17 18:20:36"}
{"level":"info","message":"[Orchestrator] Initializing Workflow Engine...","timestamp":"2026-05-17 18:20:36"}
{"level":"info","message":"[WorkflowEngine] Template 'product-import' registered (4 steps)","timestamp":"2026-05-17 18:20:36"}
{"level":"info","message":"[WorkflowEngine] Template 'daily-report' registered (3 steps)","timestamp":"2026-05-17 18:20:36"}
{"level":"info","message":"[WorkflowEngine] Template 'marketing-campaign' registered (5 steps)","timestamp":"2026-05-17 18:20:36"}
{"level":"info","message":"[WorkflowEngine] Template 'system-health' registered (2 steps)","timestamp":"2026-05-17 18:20:36"}
{"level":"info","message":"[WorkflowEngine] Initialized","timestamp":"2026-05-17 18:20:36"}
{"level":"info","message":"[Orchestrator] ✅ System initialized in 4ms","timestamp":"2026-05-17 18:20:36"}
{"level":"info","message":"[Orchestrator] Agents: 9 registered","timestamp":"2026-05-17 18:20:36"}
{"level":"info","message":"[Orchestrator] Workflows: 4 templates","timestamp":"2026-05-17 18:20:36"}
{"level":"info","message":"[AgentInit] ✅ 9 agents registered","timestamp":"2026-05-17 18:20:36"}
{"level":"info","message":"[AgentInit] ✅ 4 workflow templates available","timestamp":"2026-05-17 18:20:36"}
{"level":"info","message":"[AgentSystem] All agents initialized successfully","timestamp":"2026-05-17 18:20:36"}
{"level":"info","message":"[EventBus] Event subscription started","timestamp":"2026-05-17 18:20:36"}
{"level":"info","message":"[Jobs] Abandoned cart job started","timestamp":"2026-05-17 18:20:36"}
{"level":"info","message":"[EventBus] Subscribed to all event channels","timestamp":"2026-05-17 18:20:36"}
{"level":"info","message":"TRỌNG ĐỊNH STORE API server running on http://localhost:3003","timestamp":"2026-05-17 18:20:36"}
{"error":0,"healthy":4,"level":"warn","message":"[Monitoring] Alert triggered: system_degraded","timestamp":"2026-05-17 18:20:48","total":5,"warning":1}
{"eventId":"monitoring:alert-1779016848327-tw1v0813t","level":"info","message":"[EventBus] Emitted event: monitoring:alert","timestamp":"2026-05-17 18:20:48"}
{"error":0,"healthy":4,"level":"warn","message":"[Monitoring] Alert triggered: system_degraded","timestamp":"2026-05-17 18:25:36","total":5,"warning":1}
{"eventId":"monitoring:alert-1779017136895-6igd4a9zp","level":"info","message":"[EventBus] Emitted event: monitoring:alert","timestamp":"2026-05-17 18:25:36"}
{"error":0,"healthy":4,"level":"warn","message":"[Monitoring] Alert triggered: system_degraded","timestamp":"2026-05-17 18:25:48","total":5,"warning":1}
{"eventId":"monitoring:alert-1779017148345-9vss6xnvb","level":"info","message":"[EventBus] Emitted event: monitoring:alert","timestamp":"2026-05-17 18:25:48"}
{"error":0,"healthy":4,"level":"warn","message":"[Monitoring] Alert triggered: system_degraded","timestamp":"2026-05-17 18:30:36","total":5,"warning":1}
{"eventId":"monitoring:alert-1779017436897-iidv47gr1","level":"info","message":"[EventBus] Emitted event: monitoring:alert","timestamp":"2026-05-17 18:30:36"}
{"error":0,"healthy":4,"level":"warn","message":"[Monitoring] Alert triggered: system_degraded","timestamp":"2026-05-17 18:30:48","total":5,"warning":1}
{"eventId":"monitoring:alert-1779017448306-8k792q153","level":"info","message":"[EventBus] Emitted event: monitoring:alert","timestamp":"2026-05-17 18:30:48"}
{"error":0,"healthy":4,"level":"warn","message":"[Monitoring] Alert triggered: system_degraded","timestamp":"2026-05-17 18:35:36","total":5,"warning":1}
{"eventId":"monitoring:alert-1779017736909-8dus2c06z","level":"info","message":"[EventBus] Emitted event: monitoring:alert","timestamp":"2026-05-17 18:35:36"}
{"error":0,"healthy":4,"level":"warn","message":"[Monitoring] Alert triggered: system_degraded","timestamp":"2026-05-17 18:35:48","total":5,"warning":1}
{"eventId":"monitoring:alert-1779017748388-nl5z6k0mb","level":"info","message":"[EventBus] Emitted event: monitoring:alert","timestamp":"2026-05-17 18:35:48"}
{"error":0,"healthy":4,"level":"warn","message":"[Monitoring] Alert triggered: system_degraded","timestamp":"2026-05-17 18:40:36","total":5,"warning":1}
{"eventId":"monitoring:alert-1779018036948-1bjpvzov5","level":"info","message":"[EventBus] Emitted event: monitoring:alert","timestamp":"2026-05-17 18:40:36"}
{"error":0,"healthy":4,"level":"warn","message":"[Monitoring] Alert triggered: system_degraded","timestamp":"2026-05-17 18:40:48","total":5,"warning":1}
{"eventId":"monitoring:alert-1779018048396-bhvh8o0y5","level":"info","message":"[EventBus] Emitted event: monitoring:alert","timestamp":"2026-05-17 18:40:48"}
{"error":0,"healthy":4,"level":"warn","message":"[Monitoring] Alert triggered: system_degraded","timestamp":"2026-05-17 18:45:36","total":5,"warning":1}
{"eventId":"monitoring:alert-1779018336961-1z5v6u232","level":"info","message":"[EventBus] Emitted event: monitoring:alert","timestamp":"2026-05-17 18:45:36"}
{"error":0,"healthy":4,"level":"warn","message":"[Monitoring] Alert triggered: system_degraded","timestamp":"2026-05-17 18:45:48","total":5,"warning":1}
{"eventId":"monitoring:alert-1779018348375-f3r7r0ycc","level":"info","message":"[EventBus] Emitted event: monitoring:alert","timestamp":"2026-05-17 18:45:48"}
{"error":0,"healthy":4,"level":"warn","message":"[Monitoring] Alert triggered: system_degraded","timestamp":"2026-05-17 18:50:36","total":5,"warning":1}
{"eventId":"monitoring:alert-1779018636922-3afbe2y5a","level":"info","message":"[EventBus] Emitted event: monitoring:alert","timestamp":"2026-05-17 18:50:36"}
{"error":0,"healthy":4,"level":"warn","message":"[Monitoring] Alert triggered: system_degraded","timestamp":"2026-05-17 18:50:48","total":5,"warning":1}
{"eventId":"monitoring:alert-1779018648420-ow6109mqq","level":"info","message":"[EventBus] Emitted event: monitoring:alert","timestamp":"2026-05-17 18:50:48"}
{"error":0,"healthy":4,"level":"warn","message":"[Monitoring] Alert triggered: system_degraded","timestamp":"2026-05-17 18:55:36","total":5,"warning":1}
{"eventId":"monitoring:alert-1779018936965-0khk4c579","level":"info","message":"[EventBus] Emitted event: monitoring:alert","timestamp":"2026-05-17 18:55:36"}
{"error":0,"healthy":4,"level":"warn","message":"[Monitoring] Alert triggered: system_degraded","timestamp":"2026-05-17 18:55:48","total":5,"warning":1}
{"eventId":"monitoring:alert-1779018948395-kirveyosz","level":"info","message":"[EventBus] Emitted event: monitoring:alert","timestamp":"2026-05-17 18:55:48"}
{"error":0,"healthy":4,"level":"warn","message":"[Monitoring] Alert triggered: system_degraded","timestamp":"2026-05-17 19:00:36","total":5,"warning":1}
{"eventId":"monitoring:alert-1779019236978-vyyzner04","level":"info","message":"[EventBus] Emitted event: monitoring:alert","timestamp":"2026-05-17 19:00:36"}
{"error":0,"healthy":4,"level":"warn","message":"[Monitoring] Alert triggered: system_degraded","timestamp":"2026-05-17 19:00:48","total":5,"warning":1}
{"eventId":"monitoring:alert-1779019248418-yn73uiav7","level":"info","message":"[EventBus] Emitted event: monitoring:alert","timestamp":"2026-05-17 19:00:48"}
{"error":0,"healthy":4,"level":"warn","message":"[Monitoring] Alert triggered: system_degraded","timestamp":"2026-05-17 19:05:36","total":5,"warning":1}
{"eventId":"monitoring:alert-1779019536945-3bd9fww48","level":"info","message":"[EventBus] Emitted event: monitoring:alert","timestamp":"2026-05-17 19:05:36"}
{"error":0,"healthy":4,"level":"warn","message":"[Monitoring] Alert triggered: system_degraded","timestamp":"2026-05-17 19:05:48","total":5,"warning":1}
{"eventId":"monitoring:alert-1779019548454-xtmnc908f","level":"info","message":"[EventBus] Emitted event: monitoring:alert","timestamp":"2026-05-17 19:05:48"}
{"error":0,"healthy":4,"level":"warn","message":"[Monitoring] Alert triggered: system_degraded","timestamp":"2026-05-17 19:10:36","total":5,"warning":1}
{"eventId":"monitoring:alert-1779019836929-v25j0tran","level":"info","message":"[EventBus] Emitted event: monitoring:alert","timestamp":"2026-05-17 19:10:36"}
{"error":0,"healthy":4,"level":"warn","message":"[Monitoring] Alert triggered: system_degraded","timestamp":"2026-05-17 19:10:48","total":5,"warning":1}
{"eventId":"monitoring:alert-1779019848418-ppu5cfgin","level":"info","message":"[EventBus] Emitted event: monitoring:alert","timestamp":"2026-05-17 19:10:48"}
{"error":0,"healthy":4,"level":"warn","message":"[Monitoring] Alert triggered: system_degraded","timestamp":"2026-05-17 19:15:36","total":5,"warning":1}
{"eventId":"monitoring:alert-1779020136990-f8cdbzt36","level":"info","message":"[EventBus] Emitted event: monitoring:alert","timestamp":"2026-05-17 19:15:36"}
{"error":0,"healthy":4,"level":"warn","message":"[Monitoring] Alert triggered: system_degraded","timestamp":"2026-05-17 19:15:48","total":5,"warning":1}
{"eventId":"monitoring:alert-1779020148449-vyp563a01","level":"info","message":"[EventBus] Emitted event: monitoring:alert","timestamp":"2026-05-17 19:15:48"}
{"level":"info","message":"[EventBus] Registered handler for events:order:created","timestamp":"2026-05-17 19:17:06"}
{"level":"info","message":"[EventBus] Registered handler for events:order:paid","timestamp":"2026-05-17 19:17:06"}
{"level":"info","message":"[EventBus] Registered handler for events:order:cancelled","timestamp":"2026-05-17 19:17:06"}
{"level":"info","message":"[EventBus] Registered handler for events:product:created","timestamp":"2026-05-17 19:17:06"}
{"level":"info","message":"[EventBus] Registered handler for events:product:updated","timestamp":"2026-05-17 19:17:06"}
{"level":"info","message":"[EventBus] Registered handler for events:product:deleted","timestamp":"2026-05-17 19:17:06"}
{"level":"info","message":"[EventBus] Registered handler for events:subscription:changed","timestamp":"2026-05-17 19:17:06"}
{"level":"info","message":"[Agent] Supervisor Agent (supervisor-agent) initialized v2.0.0","timestamp":"2026-05-17 19:17:06"}
{"level":"info","message":"[Agent] Memory Agent (memory-agent) initialized v1.0.0","timestamp":"2026-05-17 19:17:06"}
{"level":"info","message":"[Agent] Analytics Agent (analytics-agent) initialized v1.0.0","timestamp":"2026-05-17 19:17:06"}
{"level":"info","message":"[Agent] SEO Agent (seo-agent) initialized v1.0.0","timestamp":"2026-05-17 19:17:06"}
{"level":"info","message":"[Agent] Content Agent (content-agent) initialized v1.0.0","timestamp":"2026-05-17 19:17:06"}
{"level":"info","message":"[Agent] Vietnam Geo Agent (vietnam-geo-agent) initialized v1.0.0","timestamp":"2026-05-17 19:17:06"}
{"level":"info","message":"[Agent] Recommendation Agent (recommendation-agent) initialized v1.0.0","timestamp":"2026-05-17 19:17:06"}
{"level":"info","message":"[Agent] Marketing Agent (marketing-agent) initialized v1.0.0","timestamp":"2026-05-17 19:17:06"}
{"level":"info","message":"[Agent] Data Pipeline Agent (data-pipeline-agent) initialized v1.0.0","timestamp":"2026-05-17 19:17:06"}
{"level":"info","message":"[Agent] Monitoring Agent (monitoring-agent) initialized v2.0.0","timestamp":"2026-05-17 19:17:06"}
{"level":"info","message":"[AgentInit] Initializing agent system...","timestamp":"2026-05-17 19:17:06"}
{"level":"info","message":"╔══════════════════════════════════════════════════╗","timestamp":"2026-05-17 19:17:06"}
{"level":"info","message":"║   🧠 TRỌNG ĐỊNH STORE — AI AGENT SYSTEM         ║","timestamp":"2026-05-17 19:17:06"}
{"level":"info","message":"╚══════════════════════════════════════════════════╝","timestamp":"2026-05-17 19:17:06"}
{"level":"info","message":"[Orchestrator] Registering agents...","timestamp":"2026-05-17 19:17:06"}
{"level":"info","message":"[Supervisor] Agent registered: Memory Agent (memory-agent)","timestamp":"2026-05-17 19:17:06"}
{"eventId":"supervisor:agent-registered-1779020226848-7w5z475ej","level":"info","message":"[EventBus] Emitted event: supervisor:agent-registered","timestamp":"2026-05-17 19:17:06"}
{"level":"info","message":"[Supervisor] Agent registered: Analytics Agent (analytics-agent)","timestamp":"2026-05-17 19:17:06"}
{"eventId":"supervisor:agent-registered-1779020226849-3lhq6tx37","level":"info","message":"[EventBus] Emitted event: supervisor:agent-registered","timestamp":"2026-05-17 19:17:06"}
{"level":"info","message":"[Supervisor] Agent registered: SEO Agent (seo-agent)","timestamp":"2026-05-17 19:17:06"}
{"eventId":"supervisor:agent-registered-1779020226849-3b5ttotj3","level":"info","message":"[EventBus] Emitted event: supervisor:agent-registered","timestamp":"2026-05-17 19:17:06"}
{"level":"info","message":"[Supervisor] Agent registered: Content Agent (content-agent)","timestamp":"2026-05-17 19:17:06"}
{"eventId":"supervisor:agent-registered-1779020226850-zb4c0vcxm","level":"info","message":"[EventBus] Emitted event: supervisor:agent-registered","timestamp":"2026-05-17 19:17:06"}
{"level":"info","message":"[Supervisor] Agent registered: Vietnam Geo Agent (vietnam-geo-agent)","timestamp":"2026-05-17 19:17:06"}
{"eventId":"supervisor:agent-registered-1779020226851-ba5bfaths","level":"info","message":"[EventBus] Emitted event: supervisor:agent-registered","timestamp":"2026-05-17 19:17:06"}
{"level":"info","message":"[Supervisor] Agent registered: Recommendation Agent (recommendation-agent)","timestamp":"2026-05-17 19:17:06"}
{"eventId":"supervisor:agent-registered-1779020226852-6b7u1bd48","level":"info","message":"[EventBus] Emitted event: supervisor:agent-registered","timestamp":"2026-05-17 19:17:06"}
{"level":"info","message":"[Supervisor] Agent registered: Marketing Agent (marketing-agent)","timestamp":"2026-05-17 19:17:06"}
{"eventId":"supervisor:agent-registered-1779020226852-jra8oxhpn","level":"info","message":"[EventBus] Emitted event: supervisor:agent-registered","timestamp":"2026-05-17 19:17:06"}
{"level":"info","message":"[Supervisor] Agent registered: Data Pipeline Agent (data-pipeline-agent)","timestamp":"2026-05-17 19:17:06"}
{"eventId":"supervisor:agent-registered-1779020226853-6p1q24i1b","level":"info","message":"[EventBus] Emitted event: supervisor:agent-registered","timestamp":"2026-05-17 19:17:06"}
{"level":"info","message":"[Supervisor] Agent registered: Monitoring Agent (monitoring-agent)","timestamp":"2026-05-17 19:17:06"}
{"eventId":"supervisor:agent-registered-1779020226853-r06iqpugs","level":"info","message":"[EventBus] Emitted event: supervisor:agent-registered","timestamp":"2026-05-17 19:17:06"}
{"level":"info","message":"[Orchestrator] Initializing Workflow Engine...","timestamp":"2026-05-17 19:17:06"}
{"level":"info","message":"[WorkflowEngine] Template 'product-import' registered (4 steps)","timestamp":"2026-05-17 19:17:06"}
{"level":"info","message":"[WorkflowEngine] Template 'daily-report' registered (3 steps)","timestamp":"2026-05-17 19:17:06"}
{"level":"info","message":"[WorkflowEngine] Template 'marketing-campaign' registered (5 steps)","timestamp":"2026-05-17 19:17:06"}
{"level":"info","message":"[WorkflowEngine] Template 'system-health' registered (2 steps)","timestamp":"2026-05-17 19:17:06"}
{"level":"info","message":"[WorkflowEngine] Initialized","timestamp":"2026-05-17 19:17:06"}
{"level":"info","message":"[Orchestrator] ✅ System initialized in 7ms","timestamp":"2026-05-17 19:17:06"}
{"level":"info","message":"[Orchestrator] Agents: 9 registered","timestamp":"2026-05-17 19:17:06"}
{"level":"info","message":"[Orchestrator] Workflows: 4 templates","timestamp":"2026-05-17 19:17:06"}
{"level":"info","message":"[AgentInit] ✅ 9 agents registered","timestamp":"2026-05-17 19:17:06"}
{"level":"info","message":"[AgentInit] ✅ 4 workflow templates available","timestamp":"2026-05-17 19:17:06"}
{"level":"info","message":"[AgentSystem] All agents initialized successfully","timestamp":"2026-05-17 19:17:06"}
{"level":"info","message":"[EventBus] Event subscription started","timestamp":"2026-05-17 19:17:06"}
{"level":"info","message":"[Jobs] Abandoned cart job started","timestamp":"2026-05-17 19:17:06"}
{"level":"info","message":"[EventBus] Subscribed to all event channels","timestamp":"2026-05-17 19:17:06"}
{"level":"info","message":"TRỌNG ĐỊNH STORE API server running on http://localhost:3001","timestamp":"2026-05-17 19:17:06"}
{"error":0,"healthy":4,"level":"warn","message":"[Monitoring] Alert triggered: system_degraded","timestamp":"2026-05-17 19:20:37","total":5,"warning":1}
{"eventId":"monitoring:alert-1779020437002-a8ton4in0","level":"info","message":"[EventBus] Emitted event: monitoring:alert","timestamp":"2026-05-17 19:20:37"}
{"error":0,"healthy":4,"level":"warn","message":"[Monitoring] Alert triggered: system_degraded","timestamp":"2026-05-17 19:22:06","total":5,"warning":1}
{"eventId":"monitoring:alert-1779020526966-ows747sft","level":"info","message":"[EventBus] Emitted event: monitoring:alert","timestamp":"2026-05-17 19:22:06"}
{"error":0,"healthy":4,"level":"warn","message":"[Monitoring] Alert triggered: system_degraded","timestamp":"2026-05-17 19:25:37","total":5,"warning":1}
{"eventId":"monitoring:alert-1779020737027-f6m902npb","level":"info","message":"[EventBus] Emitted event: monitoring:alert","timestamp":"2026-05-17 19:25:37"}
{"error":0,"healthy":4,"level":"warn","message":"[Monitoring] Alert triggered: system_degraded","timestamp":"2026-05-17 19:27:06","total":5,"warning":1}
{"eventId":"monitoring:alert-1779020826976-l1rhrdscz","level":"info","message":"[EventBus] Emitted event: monitoring:alert","timestamp":"2026-05-17 19:27:06"}
{"error":0,"healthy":4,"level":"warn","message":"[Monitoring] Alert triggered: system_degraded","timestamp":"2026-05-17 19:30:37","total":5,"warning":1}
{"eventId":"monitoring:alert-1779021037019-84y0bu4sk","level":"info","message":"[EventBus] Emitted event: monitoring:alert","timestamp":"2026-05-17 19:30:37"}
{"error":0,"healthy":4,"level":"warn","message":"[Monitoring] Alert triggered: system_degraded","timestamp":"2026-05-17 19:32:06","total":5,"warning":1}
{"eventId":"monitoring:alert-1779021126999-ee9fa7eif","level":"info","message":"[EventBus] Emitted event: monitoring:alert","timestamp":"2026-05-17 19:32:06"}
{"error":0,"healthy":4,"level":"warn","message":"[Monitoring] Alert triggered: system_degraded","timestamp":"2026-05-17 19:35:37","total":5,"warning":1}
{"eventId":"monitoring:alert-1779021337033-ynr7b8cx1","level":"info","message":"[EventBus] Emitted event: monitoring:alert","timestamp":"2026-05-17 19:35:37"}
{"error":0,"healthy":4,"level":"warn","message":"[Monitoring] Alert triggered: system_degraded","timestamp":"2026-05-17 19:37:06","total":5,"warning":1}
{"eventId":"monitoring:alert-1779021426957-uggi3w1ur","level":"info","message":"[EventBus] Emitted event: monitoring:alert","timestamp":"2026-05-17 19:37:06"}
{"error":0,"healthy":4,"level":"warn","message":"[Monitoring] Alert triggered: system_degraded","timestamp":"2026-05-17 19:40:36","total":5,"warning":1}
{"eventId":"monitoring:alert-1779021636988-blj4p7i1h","level":"info","message":"[EventBus] Emitted event: monitoring:alert","timestamp":"2026-05-17 19:40:36"}
{"error":0,"healthy":4,"level":"warn","message":"[Monitoring] Alert triggered: system_degraded","timestamp":"2026-05-17 19:42:06","total":5,"warning":1}
{"eventId":"monitoring:alert-1779021726984-05m7fwe17","level":"info","message":"[EventBus] Emitted event: monitoring:alert","timestamp":"2026-05-17 19:42:06"}
{"error":0,"healthy":4,"level":"warn","message":"[Monitoring] Alert triggered: system_degraded","timestamp":"2026-05-17 19:45:37","total":5,"warning":1}
{"eventId":"monitoring:alert-1779021937018-qxn6my2lr","level":"info","message":"[EventBus] Emitted event: monitoring:alert","timestamp":"2026-05-17 19:45:37"}
{"error":0,"healthy":4,"level":"warn","message":"[Monitoring] Alert triggered: system_degraded","timestamp":"2026-05-17 19:47:06","total":5,"warning":1}
{"eventId":"monitoring:alert-1779022026995-0mrmpg94n","level":"info","message":"[EventBus] Emitted event: monitoring:alert","timestamp":"2026-05-17 19:47:06"}
{"error":0,"healthy":4,"level":"warn","message":"[Monitoring] Alert triggered: system_degraded","timestamp":"2026-05-17 19:50:36","total":5,"warning":1}
{"eventId":"monitoring:alert-1779022236976-ksu7fkj5x","level":"info","message":"[EventBus] Emitted event: monitoring:alert","timestamp":"2026-05-17 19:50:36"}
{"error":0,"healthy":4,"level":"warn","message":"[Monitoring] Alert triggered: system_degraded","timestamp":"2026-05-17 19:52:07","total":5,"warning":1}
{"eventId":"monitoring:alert-1779022327012-0k1u39drn","level":"info","message":"[EventBus] Emitted event: monitoring:alert","timestamp":"2026-05-17 19:52:07"}
{"error":0,"healthy":4,"level":"warn","message":"[Monitoring] Alert triggered: system_degraded","timestamp":"2026-05-17 19:55:37","total":5,"warning":1}
{"eventId":"monitoring:alert-1779022537003-8gbkxxk60","level":"info","message":"[EventBus] Emitted event: monitoring:alert","timestamp":"2026-05-17 19:55:37"}
{"error":0,"healthy":4,"level":"warn","message":"[Monitoring] Alert triggered: system_degraded","timestamp":"2026-05-17 19:57:07","total":5,"warning":1}
{"eventId":"monitoring:alert-1779022627033-k88nw1ajp","level":"info","message":"[EventBus] Emitted event: monitoring:alert","timestamp":"2026-05-17 19:57:07"}
{"error":0,"healthy":4,"level":"warn","message":"[Monitoring] Alert triggered: system_degraded","timestamp":"2026-05-17 20:00:37","total":5,"warning":1}
{"eventId":"monitoring:alert-1779022837113-t8dqwnqc7","level":"info","message":"[EventBus] Emitted event: monitoring:alert","timestamp":"2026-05-17 20:00:37"}
{"error":0,"healthy":4,"level":"warn","message":"[Monitoring] Alert triggered: system_degraded","timestamp":"2026-05-17 20:02:06","total":5,"warning":1}
{"eventId":"monitoring:alert-1779022926986-r0rqnfiiw","level":"info","message":"[EventBus] Emitted event: monitoring:alert","timestamp":"2026-05-17 20:02:06"}
{"error":0,"healthy":4,"level":"warn","message":"[Monitoring] Alert triggered: system_degraded","timestamp":"2026-05-17 20:05:37","total":5,"warning":1}
{"eventId":"monitoring:alert-1779023137021-wvwskm0xp","level":"info","message":"[EventBus] Emitted event: monitoring:alert","timestamp":"2026-05-17 20:05:37"}
{"error":0,"healthy":4,"level":"warn","message":"[Monitoring] Alert triggered: system_degraded","timestamp":"2026-05-17 20:07:07","total":5,"warning":1}
{"eventId":"monitoring:alert-1779023227078-nd91isrg2","level":"info","message":"[EventBus] Emitted event: monitoring:alert","timestamp":"2026-05-17 20:07:07"}
{"error":0,"healthy":4,"level":"warn","message":"[Monitoring] Alert triggered: system_degraded","timestamp":"2026-05-17 20:10:37","total":5,"warning":1}
{"eventId":"monitoring:alert-1779023437034-9tk8y3kyb","level":"info","message":"[EventBus] Emitted event: monitoring:alert","timestamp":"2026-05-17 20:10:37"}
{"error":0,"healthy":4,"level":"warn","message":"[Monitoring] Alert triggered: system_degraded","timestamp":"2026-05-17 20:12:07","total":5,"warning":1}
{"eventId":"monitoring:alert-1779023527078-lzh8cdw8m","level":"info","message":"[EventBus] Emitted event: monitoring:alert","timestamp":"2026-05-17 20:12:07"}
